<?xml version="1.0" encoding="UTF-8"?>
<!-- Generated by org.testng.reporters.JUnitReportReporter -->
<testsuite hostname="PTD10750" name="com.emotion.framework.tests.DBTest" tests="1" failures="0" timestamp="17 Nov 2014 06:27:23 GMT" time="0.867" errors="0">
  <testcase name="test" time="0.867" classname="com.emotion.framework.tests.DBTest"/>
</testsuite> <!-- com.emotion.framework.tests.DBTest -->
