<?xml version="1.0" encoding="UTF-8"?>
<!-- Generated by org.testng.reporters.JUnitReportReporter -->
<testsuite hostname="PS8586" name="com.emotion.tests.PickupsTests" tests="1" failures="0" timestamp="10 Dec 2015 06:04:35 GMT" time="3.745" errors="0">
  <testcase name="verifyPickupOrders" time="3.745" classname="com.emotion.tests.PickupsTests"/>
</testsuite> <!-- com.emotion.tests.PickupsTests -->
