<?xml version="1.0" encoding="UTF-8"?>
<!-- Generated by org.testng.reporters.JUnitReportReporter -->
<testsuite hostname="PS8586" name="com.emotion.tests.ManageUsers" tests="3" failures="0" timestamp="23 Feb 2015 13:02:42 GMT" time="3.657" errors="0">
  <testcase name="username" time="0.876" classname="com.emotion.tests.ManageUsers"/>
  <testcase name="Search" time="0.604" classname="com.emotion.tests.ManageUsers"/>
  <testcase name="manageUser" time="2.177" classname="com.emotion.tests.ManageUsers"/>
</testsuite> <!-- com.emotion.tests.ManageUsers -->
