<?xml version="1.0" encoding="UTF-8"?>
<!-- Generated by org.testng.reporters.JUnitReportReporter -->
<testsuite hostname="PTD10750" name="com.emotion.framework.tests.DebugTest" tests="1" failures="0" timestamp="12 Dec 2014 07:13:42 GMT" time="21.374" errors="0">
  <testcase name="verify" time="21.374" classname="com.emotion.framework.tests.DebugTest"/>
</testsuite> <!-- com.emotion.framework.tests.DebugTest -->
