<?xml version="1.0" encoding="UTF-8"?>
<!-- Generated by org.testng.reporters.JUnitReportReporter -->
<testsuite hostname="PS8586" name="com.emotion.tests.POTest" tests="1" failures="0" timestamp="26 Nov 2015 09:23:10 GMT" time="4.415" errors="0">
  <testcase name="f" time="4.415" classname="com.emotion.tests.POTest"/>
</testsuite> <!-- com.emotion.tests.POTest -->
